[2025-12-17T21:04:53.295+0000] {local_task_job_runner.py:120} INFO - ::group::Pre task execution logs
[2025-12-17T21:04:53.328+0000] {taskinstance.py:2076} INFO - Dependencies all met for dep_context=non-requeueable deps ti=<TaskInstance: importa_enderecos_aracaju.filtrar_aracaju manual__2025-12-17T20:51:22.444936+00:00 [queued]>
[2025-12-17T21:04:53.336+0000] {taskinstance.py:2076} INFO - Dependencies all met for dep_context=requeueable deps ti=<TaskInstance: importa_enderecos_aracaju.filtrar_aracaju manual__2025-12-17T20:51:22.444936+00:00 [queued]>
[2025-12-17T21:04:53.337+0000] {taskinstance.py:2306} INFO - Starting attempt 4 of 4
[2025-12-17T21:04:53.353+0000] {taskinstance.py:2330} INFO - Executing <Task(PythonOperator): filtrar_aracaju> on 2025-12-17 20:51:22.444936+00:00
[2025-12-17T21:04:53.364+0000] {standard_task_runner.py:90} INFO - Running: ['***', 'tasks', 'run', 'importa_enderecos_aracaju', 'filtrar_aracaju', 'manual__2025-12-17T20:51:22.444936+00:00', '--job-id', '7', '--raw', '--subdir', 'DAGS_FOLDER/importa_aracaju.py', '--cfg-path', '/tmp/tmpxnvjd8rg']
[2025-12-17T21:04:53.367+0000] {logging_mixin.py:188} WARNING - /home/***/.local/lib/python3.12/site-packages/***/task/task_runner/standard_task_runner.py:61 DeprecationWarning: This process (pid=354) is multi-threaded, use of fork() may lead to deadlocks in the child.
[2025-12-17T21:04:53.368+0000] {standard_task_runner.py:91} INFO - Job 7: Subtask filtrar_aracaju
[2025-12-17T21:04:53.368+0000] {standard_task_runner.py:63} INFO - Started process 356 to run task
[2025-12-17T21:04:53.445+0000] {task_command.py:426} INFO - Running <TaskInstance: importa_enderecos_aracaju.filtrar_aracaju manual__2025-12-17T20:51:22.444936+00:00 [running]> on host a11d9e26add2
[2025-12-17T21:04:53.558+0000] {taskinstance.py:2648} INFO - Exporting env vars: AIRFLOW_CTX_DAG_OWNER='***' AIRFLOW_CTX_DAG_ID='importa_enderecos_aracaju' AIRFLOW_CTX_TASK_ID='filtrar_aracaju' AIRFLOW_CTX_EXECUTION_DATE='2025-12-17T20:51:22.444936+00:00' AIRFLOW_CTX_TRY_NUMBER='4' AIRFLOW_CTX_DAG_RUN_ID='manual__2025-12-17T20:51:22.444936+00:00'
[2025-12-17T21:04:53.561+0000] {taskinstance.py:430} INFO - ::endgroup::
[2025-12-17T21:04:53.620+0000] {taskinstance.py:441} INFO - ::group::Post task execution logs
[2025-12-17T21:04:53.621+0000] {taskinstance.py:2905} ERROR - Task failed with exception
Traceback (most recent call last):
  File "/home/airflow/.local/lib/python3.12/site-packages/airflow/models/taskinstance.py", line 465, in _execute_task
    result = _execute_callable(context=context, **execute_callable_kwargs)
             ^^^^^^^^^^^^^^^^^^^^^^^^^^^^^^^^^^^^^^^^^^^^^^^^^^^^^^^^^^^^^
  File "/home/airflow/.local/lib/python3.12/site-packages/airflow/models/taskinstance.py", line 432, in _execute_callable
    return execute_callable(context=context, **execute_callable_kwargs)
           ^^^^^^^^^^^^^^^^^^^^^^^^^^^^^^^^^^^^^^^^^^^^^^^^^^^^^^^^^^^^
  File "/home/airflow/.local/lib/python3.12/site-packages/airflow/models/baseoperator.py", line 400, in wrapper
    return func(self, *args, **kwargs)
           ^^^^^^^^^^^^^^^^^^^^^^^^^^^
  File "/home/airflow/.local/lib/python3.12/site-packages/airflow/operators/python.py", line 235, in execute
    return_value = self.execute_callable()
                   ^^^^^^^^^^^^^^^^^^^^^^^
  File "/home/airflow/.local/lib/python3.12/site-packages/airflow/operators/python.py", line 252, in execute_callable
    return self.python_callable(*self.op_args, **self.op_kwargs)
           ^^^^^^^^^^^^^^^^^^^^^^^^^^^^^^^^^^^^^^^^^^^^^^^^^^^^^
  File "/opt/airflow/dags/importa_aracaju.py", line 40, in filtrar_aracaju
    df.columns = [
    ^^^^^^^^^^
  File "/home/airflow/.local/lib/python3.12/site-packages/pandas/core/generic.py", line 6218, in __setattr__
    return object.__setattr__(self, name, value)
           ^^^^^^^^^^^^^^^^^^^^^^^^^^^^^^^^^^^^^
  File "properties.pyx", line 69, in pandas._libs.properties.AxisProperty.__set__
  File "/home/airflow/.local/lib/python3.12/site-packages/pandas/core/generic.py", line 767, in _set_axis
    self._mgr.set_axis(axis, labels)
  File "/home/airflow/.local/lib/python3.12/site-packages/pandas/core/internals/managers.py", line 227, in set_axis
    self._validate_set_axis(axis, new_labels)
  File "/home/airflow/.local/lib/python3.12/site-packages/pandas/core/internals/base.py", line 85, in _validate_set_axis
    raise ValueError(
ValueError: Length mismatch: Expected axis has 127 elements, new values have 8 elements
[2025-12-17T21:04:53.646+0000] {taskinstance.py:1206} INFO - Marking task as FAILED. dag_id=importa_enderecos_aracaju, task_id=filtrar_aracaju, run_id=manual__2025-12-17T20:51:22.444936+00:00, execution_date=20251217T205122, start_date=20251217T210453, end_date=20251217T210453
[2025-12-17T21:04:53.941+0000] {standard_task_runner.py:110} ERROR - Failed to execute job 7 for task filtrar_aracaju (Length mismatch: Expected axis has 127 elements, new values have 8 elements; 356)
[2025-12-17T21:04:53.983+0000] {local_task_job_runner.py:240} INFO - Task exited with return code 1
[2025-12-17T21:04:54.004+0000] {taskinstance.py:3498} INFO - 0 downstream tasks scheduled from follow-on schedule check
[2025-12-17T21:04:54.009+0000] {local_task_job_runner.py:222} INFO - ::endgroup::
