[2025-12-17T23:34:11.661+0000] {local_task_job_runner.py:120} INFO - ::group::Pre task execution logs
[2025-12-17T23:34:11.706+0000] {taskinstance.py:2076} INFO - Dependencies all met for dep_context=non-requeueable deps ti=<TaskInstance: etl_aracaju.filtrar_e_salvar_aracaju manual__2025-12-17T23:34:10.466161+00:00 [queued]>
[2025-12-17T23:34:11.715+0000] {taskinstance.py:2076} INFO - Dependencies all met for dep_context=requeueable deps ti=<TaskInstance: etl_aracaju.filtrar_e_salvar_aracaju manual__2025-12-17T23:34:10.466161+00:00 [queued]>
[2025-12-17T23:34:11.716+0000] {taskinstance.py:2306} INFO - Starting attempt 1 of 1
[2025-12-17T23:34:11.732+0000] {taskinstance.py:2330} INFO - Executing <Task(PythonOperator): filtrar_e_salvar_aracaju> on 2025-12-17 23:34:10.466161+00:00
[2025-12-17T23:34:11.746+0000] {logging_mixin.py:188} WARNING - /home/***/.local/lib/python3.12/site-packages/***/task/task_runner/standard_task_runner.py:62 DeprecationWarning: This process (pid=285) is multi-threaded, use of fork() may lead to deadlocks in the child.
[2025-12-17T23:34:11.742+0000] {standard_task_runner.py:90} INFO - Running: ['***', 'tasks', 'run', 'etl_aracaju', 'filtrar_e_salvar_aracaju', 'manual__2025-12-17T23:34:10.466161+00:00', '--job-id', '2', '--raw', '--subdir', 'DAGS_FOLDER/etl_aracaju.py', '--cfg-path', '/tmp/tmp5isreui_']
[2025-12-17T23:34:11.747+0000] {standard_task_runner.py:64} INFO - Started process 287 to run task
[2025-12-17T23:34:11.749+0000] {standard_task_runner.py:91} INFO - Job 2: Subtask filtrar_e_salvar_aracaju
[2025-12-17T23:34:11.846+0000] {task_command.py:426} INFO - Running <TaskInstance: etl_aracaju.filtrar_e_salvar_aracaju manual__2025-12-17T23:34:10.466161+00:00 [running]> on host b9710554d12d
[2025-12-17T23:34:12.201+0000] {taskinstance.py:2648} INFO - Exporting env vars: AIRFLOW_CTX_DAG_OWNER='***' AIRFLOW_CTX_DAG_ID='etl_aracaju' AIRFLOW_CTX_TASK_ID='filtrar_e_salvar_aracaju' AIRFLOW_CTX_EXECUTION_DATE='2025-12-17T23:34:10.466161+00:00' AIRFLOW_CTX_TRY_NUMBER='1' AIRFLOW_CTX_DAG_RUN_ID='manual__2025-12-17T23:34:10.466161+00:00'
[2025-12-17T23:34:12.202+0000] {taskinstance.py:430} INFO - ::endgroup::
[2025-12-17T23:34:12.467+0000] {taskinstance.py:441} INFO - ::group::Post task execution logs
[2025-12-17T23:34:12.468+0000] {taskinstance.py:2905} ERROR - Task failed with exception
Traceback (most recent call last):
  File "/home/airflow/.local/lib/python3.12/site-packages/pandas/core/indexes/base.py", line 3791, in get_loc
    return self._engine.get_loc(casted_key)
           ^^^^^^^^^^^^^^^^^^^^^^^^^^^^^^^^
  File "index.pyx", line 152, in pandas._libs.index.IndexEngine.get_loc
  File "index.pyx", line 181, in pandas._libs.index.IndexEngine.get_loc
  File "pandas/_libs/hashtable_class_helper.pxi", line 7080, in pandas._libs.hashtable.PyObjectHashTable.get_item
  File "pandas/_libs/hashtable_class_helper.pxi", line 7088, in pandas._libs.hashtable.PyObjectHashTable.get_item
KeyError: 'cidade'

The above exception was the direct cause of the following exception:

Traceback (most recent call last):
  File "/home/airflow/.local/lib/python3.12/site-packages/airflow/models/taskinstance.py", line 465, in _execute_task
    result = _execute_callable(context=context, **execute_callable_kwargs)
             ^^^^^^^^^^^^^^^^^^^^^^^^^^^^^^^^^^^^^^^^^^^^^^^^^^^^^^^^^^^^^
  File "/home/airflow/.local/lib/python3.12/site-packages/airflow/models/taskinstance.py", line 432, in _execute_callable
    return execute_callable(context=context, **execute_callable_kwargs)
           ^^^^^^^^^^^^^^^^^^^^^^^^^^^^^^^^^^^^^^^^^^^^^^^^^^^^^^^^^^^^
  File "/home/airflow/.local/lib/python3.12/site-packages/airflow/models/baseoperator.py", line 401, in wrapper
    return func(self, *args, **kwargs)
           ^^^^^^^^^^^^^^^^^^^^^^^^^^^
  File "/home/airflow/.local/lib/python3.12/site-packages/airflow/operators/python.py", line 235, in execute
    return_value = self.execute_callable()
                   ^^^^^^^^^^^^^^^^^^^^^^^
  File "/home/airflow/.local/lib/python3.12/site-packages/airflow/operators/python.py", line 252, in execute_callable
    return self.python_callable(*self.op_args, **self.op_kwargs)
           ^^^^^^^^^^^^^^^^^^^^^^^^^^^^^^^^^^^^^^^^^^^^^^^^^^^^^
  File "/opt/airflow/dags/etl_aracaju.py", line 20, in ler_filtrar_e_salvar
    df_aracaju = df[df[coluna_cidade].str.lower() == 'aracaju']
                    ~~^^^^^^^^^^^^^^^
  File "/home/airflow/.local/lib/python3.12/site-packages/pandas/core/frame.py", line 3893, in __getitem__
    indexer = self.columns.get_loc(key)
              ^^^^^^^^^^^^^^^^^^^^^^^^^
  File "/home/airflow/.local/lib/python3.12/site-packages/pandas/core/indexes/base.py", line 3798, in get_loc
    raise KeyError(key) from err
KeyError: 'cidade'
[2025-12-17T23:34:12.493+0000] {taskinstance.py:1206} INFO - Marking task as FAILED. dag_id=etl_aracaju, task_id=filtrar_e_salvar_aracaju, run_id=manual__2025-12-17T23:34:10.466161+00:00, execution_date=20251217T233410, start_date=20251217T233411, end_date=20251217T233412
[2025-12-17T23:34:12.511+0000] {standard_task_runner.py:110} ERROR - Failed to execute job 2 for task filtrar_e_salvar_aracaju ('cidade'; 287)
[2025-12-17T23:34:12.567+0000] {local_task_job_runner.py:243} INFO - Task exited with return code 1
[2025-12-17T23:34:12.591+0000] {taskinstance.py:3503} INFO - 0 downstream tasks scheduled from follow-on schedule check
[2025-12-17T23:34:12.594+0000] {local_task_job_runner.py:222} INFO - ::endgroup::
