[2025-12-19T17:24:32.331+0000] {local_task_job_runner.py:120} INFO - ::group::Pre task execution logs
[2025-12-19T17:24:32.375+0000] {taskinstance.py:2076} INFO - Dependencies all met for dep_context=non-requeueable deps ti=<TaskInstance: etl_pipeline_real.transformacao manual__2025-12-19T17:24:29.110525+00:00 [queued]>
[2025-12-19T17:24:32.392+0000] {taskinstance.py:2076} INFO - Dependencies all met for dep_context=requeueable deps ti=<TaskInstance: etl_pipeline_real.transformacao manual__2025-12-19T17:24:29.110525+00:00 [queued]>
[2025-12-19T17:24:32.392+0000] {taskinstance.py:2306} INFO - Starting attempt 1 of 1
[2025-12-19T17:24:32.411+0000] {taskinstance.py:2330} INFO - Executing <Task(PythonOperator): transformacao> on 2025-12-19 17:24:29.110525+00:00
[2025-12-19T17:24:32.423+0000] {standard_task_runner.py:90} INFO - Running: ['***', 'tasks', 'run', 'etl_pipeline_real', 'transformacao', 'manual__2025-12-19T17:24:29.110525+00:00', '--job-id', '5', '--raw', '--subdir', 'DAGS_FOLDER/etl_pipeline.py', '--cfg-path', '/tmp/tmpr1uqern5']
[2025-12-19T17:24:32.427+0000] {standard_task_runner.py:91} INFO - Job 5: Subtask transformacao
[2025-12-19T17:24:32.426+0000] {logging_mixin.py:188} WARNING - /home/***/.local/lib/python3.12/site-packages/***/task/task_runner/standard_task_runner.py:62 DeprecationWarning: This process (pid=759) is multi-threaded, use of fork() may lead to deadlocks in the child.
[2025-12-19T17:24:32.428+0000] {standard_task_runner.py:64} INFO - Started process 761 to run task
[2025-12-19T17:24:32.569+0000] {task_command.py:426} INFO - Running <TaskInstance: etl_pipeline_real.transformacao manual__2025-12-19T17:24:29.110525+00:00 [running]> on host ccad5058f773
[2025-12-19T17:24:32.884+0000] {taskinstance.py:2648} INFO - Exporting env vars: AIRFLOW_CTX_DAG_OWNER='***' AIRFLOW_CTX_DAG_ID='etl_pipeline_real' AIRFLOW_CTX_TASK_ID='transformacao' AIRFLOW_CTX_EXECUTION_DATE='2025-12-19T17:24:29.110525+00:00' AIRFLOW_CTX_TRY_NUMBER='1' AIRFLOW_CTX_DAG_RUN_ID='manual__2025-12-19T17:24:29.110525+00:00'
[2025-12-19T17:24:32.885+0000] {taskinstance.py:430} INFO - ::endgroup::
[2025-12-19T17:24:32.896+0000] {taskinstance.py:441} INFO - ::group::Post task execution logs
[2025-12-19T17:24:32.897+0000] {taskinstance.py:2905} ERROR - Task failed with exception
Traceback (most recent call last):
  File "/home/airflow/.local/lib/python3.12/site-packages/airflow/models/taskinstance.py", line 465, in _execute_task
    result = _execute_callable(context=context, **execute_callable_kwargs)
             ^^^^^^^^^^^^^^^^^^^^^^^^^^^^^^^^^^^^^^^^^^^^^^^^^^^^^^^^^^^^^
  File "/home/airflow/.local/lib/python3.12/site-packages/airflow/models/taskinstance.py", line 432, in _execute_callable
    return execute_callable(context=context, **execute_callable_kwargs)
           ^^^^^^^^^^^^^^^^^^^^^^^^^^^^^^^^^^^^^^^^^^^^^^^^^^^^^^^^^^^^
  File "/home/airflow/.local/lib/python3.12/site-packages/airflow/models/baseoperator.py", line 401, in wrapper
    return func(self, *args, **kwargs)
           ^^^^^^^^^^^^^^^^^^^^^^^^^^^
  File "/home/airflow/.local/lib/python3.12/site-packages/airflow/operators/python.py", line 235, in execute
    return_value = self.execute_callable()
                   ^^^^^^^^^^^^^^^^^^^^^^^
  File "/home/airflow/.local/lib/python3.12/site-packages/airflow/operators/python.py", line 252, in execute_callable
    return self.python_callable(*self.op_args, **self.op_kwargs)
           ^^^^^^^^^^^^^^^^^^^^^^^^^^^^^^^^^^^^^^^^^^^^^^^^^^^^^
  File "/opt/airflow/dags/etl_pipeline.py", line 31, in transformacao
    df = ti.xcom_pull(task_ids='extracao')
         ^^
NameError: name 'ti' is not defined
[2025-12-19T17:24:32.916+0000] {taskinstance.py:1206} INFO - Marking task as FAILED. dag_id=etl_pipeline_real, task_id=transformacao, run_id=manual__2025-12-19T17:24:29.110525+00:00, execution_date=20251219T172429, start_date=20251219T172432, end_date=20251219T172432
[2025-12-19T17:24:32.930+0000] {standard_task_runner.py:110} ERROR - Failed to execute job 5 for task transformacao (name 'ti' is not defined; 761)
[2025-12-19T17:24:32.963+0000] {local_task_job_runner.py:243} INFO - Task exited with return code 1
[2025-12-19T17:24:32.990+0000] {taskinstance.py:3503} INFO - 0 downstream tasks scheduled from follow-on schedule check
[2025-12-19T17:24:32.997+0000] {local_task_job_runner.py:222} INFO - ::endgroup::
